<?xml version="1.0" encoding="UTF-8"?>
<coverage generated="1761504665111" clover="3.2.0">
  <project timestamp="1761504665111" name="All files">
    <metrics statements="164" coveredstatements="155" conditionals="68" coveredconditionals="53" methods="43" coveredmethods="36" elements="275" coveredelements="244" complexity="0" loc="164" ncloc="164" packages="7" files="8" classes="8"/>
    <package name="components.CommentForm">
      <metrics statements="16" coveredstatements="16" conditionals="8" coveredconditionals="7" methods="3" coveredmethods="3"/>
      <file name="CommentForm.tsx" path="/Users/octavio/IngSW3/tp07-quality/frontend/src/components/CommentForm/CommentForm.tsx">
        <metrics statements="16" coveredstatements="16" conditionals="8" coveredconditionals="7" methods="3" coveredmethods="3"/>
        <line num="11" count="1" type="stmt"/>
        <line num="12" count="10" type="stmt"/>
        <line num="13" count="10" type="stmt"/>
        <line num="14" count="10" type="stmt"/>
        <line num="16" count="10" type="stmt"/>
        <line num="17" count="2" type="stmt"/>
        <line num="18" count="2" type="stmt"/>
        <line num="19" count="2" type="stmt"/>
        <line num="21" count="2" type="stmt"/>
        <line num="22" count="2" type="stmt"/>
        <line num="23" count="1" type="stmt"/>
        <line num="24" count="1" type="stmt"/>
        <line num="26" count="1" type="cond" truecount="1" falsecount="1"/>
        <line num="28" count="2" type="stmt"/>
        <line num="32" count="10" type="stmt"/>
        <line num="38" count="2" type="stmt"/>
      </file>
    </package>
    <package name="components.CommentList">
      <metrics statements="30" coveredstatements="28" conditionals="14" coveredconditionals="10" methods="9" coveredmethods="6"/>
      <file name="CommentList.tsx" path="/Users/octavio/IngSW3/tp07-quality/frontend/src/components/CommentList/CommentList.tsx">
        <metrics statements="30" coveredstatements="28" conditionals="14" coveredconditionals="10" methods="9" coveredmethods="6"/>
        <line num="13" count="1" type="stmt"/>
        <line num="19" count="10" type="stmt"/>
        <line num="20" count="10" type="stmt"/>
        <line num="21" count="10" type="stmt"/>
        <line num="22" count="10" type="stmt"/>
        <line num="25" count="10" type="stmt"/>
        <line num="26" count="5" type="stmt"/>
        <line num="27" count="5" type="stmt"/>
        <line num="28" count="5" type="stmt"/>
        <line num="29" count="4" type="stmt"/>
        <line num="30" count="4" type="stmt"/>
        <line num="32" count="1" type="stmt"/>
        <line num="34" count="5" type="stmt"/>
        <line num="38" count="10" type="stmt"/>
        <line num="39" count="5" type="stmt"/>
        <line num="42" count="10" type="stmt"/>
        <line num="43" count="1" type="stmt"/>
        <line num="44" count="1" type="stmt"/>
        <line num="47" count="1" type="stmt"/>
        <line num="49" count="1" type="cond" truecount="1" falsecount="1"/>
        <line num="52" count="1" type="stmt"/>
        <line num="53" count="1" type="stmt"/>
        <line num="56" count="0" type="cond" truecount="0" falsecount="2"/>
        <line num="57" count="0" type="stmt"/>
        <line num="61" count="10" type="cond" truecount="2" falsecount="0"/>
        <line num="62" count="5" type="cond" truecount="2" falsecount="0"/>
        <line num="63" count="4" type="cond" truecount="2" falsecount="0"/>
        <line num="65" count="3" type="stmt"/>
        <line num="72" count="6" type="stmt"/>
        <line num="79" count="1" type="stmt"/>
      </file>
    </package>
    <package name="components.CreatePost">
      <metrics statements="19" coveredstatements="19" conditionals="6" coveredconditionals="5" methods="4" coveredmethods="4"/>
      <file name="CreatePost.tsx" path="/Users/octavio/IngSW3/tp07-quality/frontend/src/components/CreatePost/CreatePost.tsx">
        <metrics statements="19" coveredstatements="19" conditionals="6" coveredconditionals="5" methods="4" coveredmethods="4"/>
        <line num="10" count="1" type="stmt"/>
        <line num="11" count="15" type="stmt"/>
        <line num="12" count="15" type="stmt"/>
        <line num="13" count="15" type="stmt"/>
        <line num="14" count="15" type="stmt"/>
        <line num="16" count="15" type="stmt"/>
        <line num="17" count="3" type="stmt"/>
        <line num="18" count="3" type="stmt"/>
        <line num="19" count="3" type="stmt"/>
        <line num="21" count="3" type="stmt"/>
        <line num="22" count="3" type="stmt"/>
        <line num="25" count="1" type="stmt"/>
        <line num="26" count="1" type="stmt"/>
        <line num="29" count="1" type="stmt"/>
        <line num="31" count="1" type="cond" truecount="1" falsecount="1"/>
        <line num="33" count="2" type="stmt"/>
        <line num="37" count="15" type="stmt"/>
        <line num="46" count="3" type="stmt"/>
        <line num="57" count="3" type="stmt"/>
      </file>
    </package>
    <package name="components.Login">
      <metrics statements="24" coveredstatements="21" conditionals="16" coveredconditionals="14" methods="6" coveredmethods="5"/>
      <file name="Login.tsx" path="/Users/octavio/IngSW3/tp07-quality/frontend/src/components/Login/Login.tsx">
        <metrics statements="24" coveredstatements="21" conditionals="16" coveredconditionals="14" methods="6" coveredmethods="5"/>
        <line num="10" count="1" type="stmt"/>
        <line num="11" count="17" type="stmt"/>
        <line num="12" count="17" type="stmt"/>
        <line num="13" count="17" type="stmt"/>
        <line num="14" count="17" type="stmt"/>
        <line num="15" count="17" type="stmt"/>
        <line num="16" count="17" type="stmt"/>
        <line num="18" count="17" type="stmt"/>
        <line num="19" count="3" type="stmt"/>
        <line num="20" count="3" type="stmt"/>
        <line num="21" count="3" type="stmt"/>
        <line num="23" count="3" type="stmt"/>
        <line num="24" count="3" type="cond" truecount="1" falsecount="1"/>
        <line num="26" count="3" type="stmt"/>
        <line num="27" count="1" type="stmt"/>
        <line num="30" count="0" type="stmt"/>
        <line num="31" count="0" type="stmt"/>
        <line num="34" count="1" type="cond" truecount="1" falsecount="1"/>
        <line num="36" count="2" type="stmt"/>
        <line num="40" count="17" type="stmt"/>
        <line num="52" count="3" type="stmt"/>
        <line num="65" count="0" type="stmt"/>
        <line num="78" count="3" type="stmt"/>
        <line num="92" count="1" type="stmt"/>
      </file>
    </package>
    <package name="components.PostDetail">
      <metrics statements="22" coveredstatements="21" conditionals="8" coveredconditionals="7" methods="5" coveredmethods="3"/>
      <file name="PostDetail.tsx" path="/Users/octavio/IngSW3/tp07-quality/frontend/src/components/PostDetail/PostDetail.tsx">
        <metrics statements="22" coveredstatements="21" conditionals="8" coveredconditionals="7" methods="5" coveredmethods="3"/>
        <line num="15" count="1" type="stmt"/>
        <line num="16" count="7" type="stmt"/>
        <line num="17" count="7" type="stmt"/>
        <line num="18" count="7" type="stmt"/>
        <line num="19" count="7" type="stmt"/>
        <line num="21" count="7" type="stmt"/>
        <line num="22" count="4" type="stmt"/>
        <line num="23" count="4" type="stmt"/>
        <line num="24" count="4" type="stmt"/>
        <line num="25" count="4" type="stmt"/>
        <line num="26" count="2" type="stmt"/>
        <line num="27" count="2" type="stmt"/>
        <line num="29" count="1" type="stmt"/>
        <line num="31" count="3" type="stmt"/>
        <line num="35" count="4" type="stmt"/>
        <line num="38" count="7" type="stmt"/>
        <line num="39" count="0" type="stmt"/>
        <line num="42" count="7" type="cond" truecount="2" falsecount="0"/>
        <line num="43" count="4" type="stmt"/>
        <line num="46" count="3" type="cond" truecount="4" falsecount="0"/>
        <line num="47" count="1" type="stmt"/>
        <line num="55" count="2" type="stmt"/>
      </file>
    </package>
    <package name="components.PostList">
      <metrics statements="32" coveredstatements="29" conditionals="16" coveredconditionals="10" methods="7" coveredmethods="6"/>
      <file name="PostList.tsx" path="/Users/octavio/IngSW3/tp07-quality/frontend/src/components/PostList/PostList.tsx">
        <metrics statements="32" coveredstatements="29" conditionals="16" coveredconditionals="10" methods="7" coveredmethods="6"/>
        <line num="12" count="1" type="stmt"/>
        <line num="13" count="10" type="stmt"/>
        <line num="14" count="10" type="stmt"/>
        <line num="15" count="10" type="stmt"/>
        <line num="17" count="10" type="stmt"/>
        <line num="18" count="6" type="stmt"/>
        <line num="19" count="6" type="stmt"/>
        <line num="20" count="6" type="stmt"/>
        <line num="21" count="5" type="stmt"/>
        <line num="22" count="5" type="stmt"/>
        <line num="24" count="1" type="stmt"/>
        <line num="26" count="6" type="stmt"/>
        <line num="30" count="10" type="stmt"/>
        <line num="31" count="5" type="stmt"/>
        <line num="34" count="10" type="stmt"/>
        <line num="35" count="1" type="cond" truecount="1" falsecount="1"/>
        <line num="36" count="0" type="stmt"/>
        <line num="39" count="1" type="stmt"/>
        <line num="40" count="1" type="stmt"/>
        <line num="41" count="1" type="stmt"/>
        <line num="43" count="0" type="cond" truecount="0" falsecount="2"/>
        <line num="47" count="10" type="cond" truecount="2" falsecount="0"/>
        <line num="48" count="5" type="stmt"/>
        <line num="51" count="5" type="cond" truecount="2" falsecount="0"/>
        <line num="52" count="1" type="stmt"/>
        <line num="55" count="4" type="cond" truecount="2" falsecount="0"/>
        <line num="56" count="1" type="stmt"/>
        <line num="59" count="3" type="stmt"/>
        <line num="63" count="6" type="stmt"/>
        <line num="66" count="0" type="cond" truecount="0" falsecount="2"/>
        <line num="82" count="1" type="stmt"/>
        <line num="83" count="1" type="stmt"/>
      </file>
    </package>
    <package name="services">
      <metrics statements="21" coveredstatements="21" conditionals="0" coveredconditionals="0" methods="9" coveredmethods="9"/>
      <file name="authService.ts" path="/Users/octavio/IngSW3/tp07-quality/frontend/src/services/authService.ts">
        <metrics statements="6" coveredstatements="6" conditionals="0" coveredconditionals="0" methods="2" coveredmethods="2"/>
        <line num="4" count="2" type="stmt"/>
        <line num="6" count="2" type="stmt"/>
        <line num="9" count="5" type="stmt"/>
        <line num="10" count="2" type="stmt"/>
        <line num="15" count="3" type="stmt"/>
        <line num="16" count="1" type="stmt"/>
      </file>
      <file name="postService.ts" path="/Users/octavio/IngSW3/tp07-quality/frontend/src/services/postService.ts">
        <metrics statements="15" coveredstatements="15" conditionals="0" coveredconditionals="0" methods="7" coveredmethods="7"/>
        <line num="4" count="6" type="stmt"/>
        <line num="6" count="6" type="stmt"/>
        <line num="9" count="7" type="stmt"/>
        <line num="10" count="6" type="stmt"/>
        <line num="15" count="1" type="stmt"/>
        <line num="20" count="1" type="stmt"/>
        <line num="25" count="1" type="stmt"/>
        <line num="26" count="1" type="stmt"/>
        <line num="31" count="2" type="stmt"/>
        <line num="40" count="6" type="stmt"/>
        <line num="41" count="5" type="stmt"/>
        <line num="46" count="1" type="stmt"/>
        <line num="55" count="1" type="stmt"/>
        <line num="60" count="6" type="stmt"/>
        <line num="61" count="2" type="stmt"/>
      </file>
    </package>
  </project>
</coverage>
