{"/Users/octavio/IngSW3/tp07-quality/frontend/src/components/CommentForm/CommentForm.tsx": {"path":"/Users/octavio/IngSW3/tp07-quality/frontend/src/components/CommentForm/CommentForm.tsx","statementMap":{"0":{"start":{"line":11,"column":55},"end":{"line":53,"column":1}},"1":{"start":{"line":12,"column":32},"end":{"line":12,"column":44}},"2":{"start":{"line":13,"column":28},"end":{"line":13,"column":40}},"3":{"start":{"line":14,"column":32},"end":{"line":14,"column":47}},"4":{"start":{"line":16,"column":23},"end":{"line":30,"column":3}},"5":{"start":{"line":17,"column":4},"end":{"line":17,"column":23}},"6":{"start":{"line":18,"column":4},"end":{"line":18,"column":17}},"7":{"start":{"line":19,"column":4},"end":{"line":19,"column":21}},"8":{"start":{"line":21,"column":4},"end":{"line":29,"column":5}},"9":{"start":{"line":22,"column":6},"end":{"line":22,"column":67}},"10":{"start":{"line":23,"column":6},"end":{"line":23,"column":21}},"11":{"start":{"line":24,"column":6},"end":{"line":24,"column":25}},"12":{"start":{"line":26,"column":6},"end":{"line":26,"column":73}},"13":{"start":{"line":28,"column":6},"end":{"line":28,"column":24}},"14":{"start":{"line":32,"column":2},"end":{"line":52,"column":4}},"15":{"start":{"line":38,"column":27},"end":{"line":38,"column":53}}},"fnMap":{"0":{"name":"(anonymous_0)","decl":{"start":{"line":11,"column":55},"end":{"line":11,"column":56}},"loc":{"start":{"line":11,"column":97},"end":{"line":53,"column":1}},"line":11},"1":{"name":"(anonymous_1)","decl":{"start":{"line":16,"column":23},"end":{"line":16,"column":24}},"loc":{"start":{"line":16,"column":53},"end":{"line":30,"column":3}},"line":16},"2":{"name":"(anonymous_2)","decl":{"start":{"line":38,"column":20},"end":{"line":38,"column":21}},"loc":{"start":{"line":38,"column":27},"end":{"line":38,"column":53}},"line":38}},"branchMap":{"0":{"loc":{"start":{"line":26,"column":15},"end":{"line":26,"column":71}},"type":"binary-expr","locations":[{"start":{"line":26,"column":15},"end":{"line":26,"column":40}},{"start":{"line":26,"column":44},"end":{"line":26,"column":71}}],"line":26},"1":{"loc":{"start":{"line":45,"column":9},"end":{"line":45,"column":62}},"type":"binary-expr","locations":[{"start":{"line":45,"column":9},"end":{"line":45,"column":14}},{"start":{"line":45,"column":18},"end":{"line":45,"column":62}}],"line":45},"2":{"loc":{"start":{"line":47,"column":40},"end":{"line":47,"column":66}},"type":"binary-expr","locations":[{"start":{"line":47,"column":40},"end":{"line":47,"column":47}},{"start":{"line":47,"column":51},"end":{"line":47,"column":66}}],"line":47},"3":{"loc":{"start":{"line":48,"column":11},"end":{"line":48,"column":49}},"type":"cond-expr","locations":[{"start":{"line":48,"column":21},"end":{"line":48,"column":36}},{"start":{"line":48,"column":39},"end":{"line":48,"column":49}}],"line":48}},"s":{"0":1,"1":10,"2":10,"3":10,"4":10,"5":2,"6":2,"7":2,"8":2,"9":2,"10":1,"11":1,"12":1,"13":2,"14":10,"15":2},"f":{"0":10,"1":2,"2":2},"b":{"0":[1,0],"1":[10,1],"2":[10,8],"3":[2,8]},"_coverageSchema":"1a1c01bbd47fc00a2c39e90264f33305004495a9","hash":"8c436e8c775fe4c91a12c983a3ae51dc103c0c72"}
,"/Users/octavio/IngSW3/tp07-quality/frontend/src/components/CommentList/CommentList.tsx": {"path":"/Users/octavio/IngSW3/tp07-quality/frontend/src/components/CommentList/CommentList.tsx","statementMap":{"0":{"start":{"line":13,"column":48},"end":{"line":90,"column":1}},"1":{"start":{"line":19,"column":36},"end":{"line":19,"column":59}},"2":{"start":{"line":20,"column":34},"end":{"line":20,"column":48}},"3":{"start":{"line":21,"column":30},"end":{"line":21,"column":42}},"4":{"start":{"line":22,"column":48},"end":{"line":22,"column":60}},"5":{"start":{"line":25,"column":25},"end":{"line":36,"column":16}},"6":{"start":{"line":26,"column":8},"end":{"line":35,"column":9}},"7":{"start":{"line":27,"column":12},"end":{"line":27,"column":29}},"8":{"start":{"line":28,"column":25},"end":{"line":28,"column":62}},"9":{"start":{"line":29,"column":12},"end":{"line":29,"column":30}},"10":{"start":{"line":30,"column":12},"end":{"line":30,"column":25}},"11":{"start":{"line":32,"column":12},"end":{"line":32,"column":52}},"12":{"start":{"line":34,"column":12},"end":{"line":34,"column":30}},"13":{"start":{"line":38,"column":4},"end":{"line":40,"column":39}},"14":{"start":{"line":39,"column":8},"end":{"line":39,"column":23}},"15":{"start":{"line":42,"column":25},"end":{"line":59,"column":5}},"16":{"start":{"line":43,"column":8},"end":{"line":58,"column":9}},"17":{"start":{"line":44,"column":12},"end":{"line":44,"column":66}},"18":{"start":{"line":47,"column":12},"end":{"line":47,"column":70}},"19":{"start":{"line":47,"column":32},"end":{"line":47,"column":68}},"20":{"start":{"line":47,"column":49},"end":{"line":47,"column":67}},"21":{"start":{"line":49,"column":12},"end":{"line":49,"column":62}},"22":{"start":{"line":49,"column":34},"end":{"line":49,"column":62}},"23":{"start":{"line":52,"column":12},"end":{"line":52,"column":67}},"24":{"start":{"line":53,"column":12},"end":{"line":53,"column":58}},"25":{"start":{"line":53,"column":29},"end":{"line":53,"column":50}},"26":{"start":{"line":56,"column":12},"end":{"line":56,"column":88}},"27":{"start":{"line":57,"column":12},"end":{"line":57,"column":53}},"28":{"start":{"line":61,"column":4},"end":{"line":61,"column":88}},"29":{"start":{"line":61,"column":17},"end":{"line":61,"column":88}},"30":{"start":{"line":62,"column":4},"end":{"line":62,"column":68}},"31":{"start":{"line":62,"column":15},"end":{"line":62,"column":68}},"32":{"start":{"line":63,"column":4},"end":{"line":63,"column":129}},"33":{"start":{"line":63,"column":31},"end":{"line":63,"column":129}},"34":{"start":{"line":65,"column":4},"end":{"line":89,"column":6}},"35":{"start":{"line":72,"column":16},"end":{"line":86,"column":22}},"36":{"start":{"line":79,"column":47},"end":{"line":79,"column":71}}},"fnMap":{"0":{"name":"(anonymous_0)","decl":{"start":{"line":13,"column":48},"end":{"line":13,"column":49}},"loc":{"start":{"line":18,"column":6},"end":{"line":90,"column":1}},"line":18},"1":{"name":"(anonymous_1)","decl":{"start":{"line":25,"column":37},"end":{"line":25,"column":38}},"loc":{"start":{"line":25,"column":49},"end":{"line":36,"column":5}},"line":25},"2":{"name":"(anonymous_2)","decl":{"start":{"line":38,"column":14},"end":{"line":38,"column":15}},"loc":{"start":{"line":38,"column":20},"end":{"line":40,"column":5}},"line":38},"3":{"name":"(anonymous_3)","decl":{"start":{"line":42,"column":25},"end":{"line":42,"column":26}},"loc":{"start":{"line":42,"column":54},"end":{"line":59,"column":5}},"line":42},"4":{"name":"(anonymous_4)","decl":{"start":{"line":47,"column":24},"end":{"line":47,"column":25}},"loc":{"start":{"line":47,"column":32},"end":{"line":47,"column":68}},"line":47},"5":{"name":"(anonymous_5)","decl":{"start":{"line":47,"column":44},"end":{"line":47,"column":45}},"loc":{"start":{"line":47,"column":49},"end":{"line":47,"column":67}},"line":47},"6":{"name":"(anonymous_6)","decl":{"start":{"line":53,"column":23},"end":{"line":53,"column":24}},"loc":{"start":{"line":53,"column":29},"end":{"line":53,"column":50}},"line":53},"7":{"name":"(anonymous_7)","decl":{"start":{"line":71,"column":26},"end":{"line":71,"column":27}},"loc":{"start":{"line":72,"column":16},"end":{"line":86,"column":22}},"line":72},"8":{"name":"(anonymous_8)","decl":{"start":{"line":79,"column":41},"end":{"line":79,"column":42}},"loc":{"start":{"line":79,"column":47},"end":{"line":79,"column":71}},"line":79}},"branchMap":{"0":{"loc":{"start":{"line":49,"column":12},"end":{"line":49,"column":62}},"type":"if","locations":[{"start":{"line":49,"column":12},"end":{"line":49,"column":62}},{"start":{},"end":{}}],"line":49},"1":{"loc":{"start":{"line":56,"column":53},"end":{"line":56,"column":86}},"type":"binary-expr","locations":[{"start":{"line":56,"column":53},"end":{"line":56,"column":71}},{"start":{"line":56,"column":75},"end":{"line":56,"column":86}}],"line":56},"2":{"loc":{"start":{"line":61,"column":4},"end":{"line":61,"column":88}},"type":"if","locations":[{"start":{"line":61,"column":4},"end":{"line":61,"column":88}},{"start":{},"end":{}}],"line":61},"3":{"loc":{"start":{"line":62,"column":4},"end":{"line":62,"column":68}},"type":"if","locations":[{"start":{"line":62,"column":4},"end":{"line":62,"column":68}},{"start":{},"end":{}}],"line":62},"4":{"loc":{"start":{"line":63,"column":4},"end":{"line":63,"column":129}},"type":"if","locations":[{"start":{"line":63,"column":4},"end":{"line":63,"column":129}},{"start":{},"end":{}}],"line":63},"5":{"loc":{"start":{"line":69,"column":13},"end":{"line":69,"column":86}},"type":"binary-expr","locations":[{"start":{"line":69,"column":13},"end":{"line":69,"column":27}},{"start":{"line":69,"column":31},"end":{"line":69,"column":86}}],"line":69},"6":{"loc":{"start":{"line":76,"column":25},"end":{"line":83,"column":25}},"type":"binary-expr","locations":[{"start":{"line":76,"column":25},"end":{"line":76,"column":58}},{"start":{"line":77,"column":28},"end":{"line":82,"column":37}}],"line":76}},"s":{"0":1,"1":10,"2":10,"3":10,"4":10,"5":10,"6":5,"7":5,"8":5,"9":4,"10":4,"11":1,"12":5,"13":10,"14":5,"15":10,"16":1,"17":1,"18":1,"19":0,"20":0,"21":1,"22":1,"23":1,"24":1,"25":0,"26":0,"27":0,"28":10,"29":5,"30":5,"31":1,"32":4,"33":1,"34":3,"35":6,"36":1},"f":{"0":10,"1":5,"2":5,"3":1,"4":0,"5":0,"6":0,"7":6,"8":1},"b":{"0":[1,0],"1":[0,0],"2":[5,5],"3":[1,4],"4":[1,3],"5":[3,0],"6":[6,3]},"_coverageSchema":"1a1c01bbd47fc00a2c39e90264f33305004495a9","hash":"38d562430d5a42922b5cf97ab8eb17754324eea7"}
,"/Users/octavio/IngSW3/tp07-quality/frontend/src/components/CreatePost/CreatePost.tsx": {"path":"/Users/octavio/IngSW3/tp07-quality/frontend/src/components/CreatePost/CreatePost.tsx","statementMap":{"0":{"start":{"line":10,"column":53},"end":{"line":73,"column":1}},"1":{"start":{"line":11,"column":28},"end":{"line":11,"column":40}},"2":{"start":{"line":12,"column":32},"end":{"line":12,"column":44}},"3":{"start":{"line":13,"column":28},"end":{"line":13,"column":40}},"4":{"start":{"line":14,"column":32},"end":{"line":14,"column":47}},"5":{"start":{"line":16,"column":23},"end":{"line":35,"column":3}},"6":{"start":{"line":17,"column":4},"end":{"line":17,"column":23}},"7":{"start":{"line":18,"column":4},"end":{"line":18,"column":17}},"8":{"start":{"line":19,"column":4},"end":{"line":19,"column":21}},"9":{"start":{"line":21,"column":4},"end":{"line":34,"column":5}},"10":{"start":{"line":22,"column":6},"end":{"line":22,"column":63}},"11":{"start":{"line":25,"column":6},"end":{"line":25,"column":19}},"12":{"start":{"line":26,"column":6},"end":{"line":26,"column":21}},"13":{"start":{"line":29,"column":6},"end":{"line":29,"column":22}},"14":{"start":{"line":31,"column":6},"end":{"line":31,"column":67}},"15":{"start":{"line":33,"column":6},"end":{"line":33,"column":24}},"16":{"start":{"line":37,"column":2},"end":{"line":72,"column":4}},"17":{"start":{"line":46,"column":29},"end":{"line":46,"column":53}},"18":{"start":{"line":57,"column":29},"end":{"line":57,"column":55}}},"fnMap":{"0":{"name":"(anonymous_0)","decl":{"start":{"line":10,"column":53},"end":{"line":10,"column":54}},"loc":{"start":{"line":10,"column":84},"end":{"line":73,"column":1}},"line":10},"1":{"name":"(anonymous_1)","decl":{"start":{"line":16,"column":23},"end":{"line":16,"column":24}},"loc":{"start":{"line":16,"column":53},"end":{"line":35,"column":3}},"line":16},"2":{"name":"(anonymous_2)","decl":{"start":{"line":46,"column":22},"end":{"line":46,"column":23}},"loc":{"start":{"line":46,"column":29},"end":{"line":46,"column":53}},"line":46},"3":{"name":"(anonymous_3)","decl":{"start":{"line":57,"column":22},"end":{"line":57,"column":23}},"loc":{"start":{"line":57,"column":29},"end":{"line":57,"column":55}},"line":57}},"branchMap":{"0":{"loc":{"start":{"line":31,"column":15},"end":{"line":31,"column":65}},"type":"binary-expr","locations":[{"start":{"line":31,"column":15},"end":{"line":31,"column":40}},{"start":{"line":31,"column":44},"end":{"line":31,"column":65}}],"line":31},"1":{"loc":{"start":{"line":65,"column":9},"end":{"line":65,"column":62}},"type":"binary-expr","locations":[{"start":{"line":65,"column":9},"end":{"line":65,"column":14}},{"start":{"line":65,"column":18},"end":{"line":65,"column":62}}],"line":65},"2":{"loc":{"start":{"line":68,"column":11},"end":{"line":68,"column":54}},"type":"cond-expr","locations":[{"start":{"line":68,"column":21},"end":{"line":68,"column":36}},{"start":{"line":68,"column":39},"end":{"line":68,"column":54}}],"line":68}},"s":{"0":1,"1":15,"2":15,"3":15,"4":15,"5":15,"6":3,"7":3,"8":3,"9":3,"10":3,"11":1,"12":1,"13":1,"14":1,"15":2,"16":15,"17":3,"18":3},"f":{"0":15,"1":3,"2":3,"3":3},"b":{"0":[1,0],"1":[15,1],"2":[3,12]},"_coverageSchema":"1a1c01bbd47fc00a2c39e90264f33305004495a9","hash":"8e13a82338b80b2b5eaa0fd758281b1ee2b178d9"}
,"/Users/octavio/IngSW3/tp07-quality/frontend/src/components/Login/Login.tsx": {"path":"/Users/octavio/IngSW3/tp07-quality/frontend/src/components/Login/Login.tsx","statementMap":{"0":{"start":{"line":10,"column":43},"end":{"line":99,"column":1}},"1":{"start":{"line":11,"column":32},"end":{"line":11,"column":46}},"2":{"start":{"line":12,"column":28},"end":{"line":12,"column":40}},"3":{"start":{"line":13,"column":34},"end":{"line":13,"column":46}},"4":{"start":{"line":14,"column":34},"end":{"line":14,"column":46}},"5":{"start":{"line":15,"column":28},"end":{"line":15,"column":40}},"6":{"start":{"line":16,"column":32},"end":{"line":16,"column":47}},"7":{"start":{"line":18,"column":23},"end":{"line":38,"column":3}},"8":{"start":{"line":19,"column":4},"end":{"line":19,"column":23}},"9":{"start":{"line":20,"column":4},"end":{"line":20,"column":17}},"10":{"start":{"line":21,"column":4},"end":{"line":21,"column":21}},"11":{"start":{"line":23,"column":4},"end":{"line":37,"column":5}},"12":{"start":{"line":24,"column":6},"end":{"line":32,"column":7}},"13":{"start":{"line":26,"column":21},"end":{"line":26,"column":65}},"14":{"start":{"line":27,"column":8},"end":{"line":27,"column":29}},"15":{"start":{"line":30,"column":21},"end":{"line":30,"column":78}},"16":{"start":{"line":31,"column":8},"end":{"line":31,"column":29}},"17":{"start":{"line":34,"column":6},"end":{"line":34,"column":73}},"18":{"start":{"line":36,"column":6},"end":{"line":36,"column":24}},"19":{"start":{"line":40,"column":2},"end":{"line":98,"column":4}},"20":{"start":{"line":52,"column":31},"end":{"line":52,"column":55}},"21":{"start":{"line":65,"column":33},"end":{"line":65,"column":60}},"22":{"start":{"line":78,"column":31},"end":{"line":78,"column":58}},"23":{"start":{"line":92,"column":47},"end":{"line":92,"column":67}}},"fnMap":{"0":{"name":"(anonymous_0)","decl":{"start":{"line":10,"column":43},"end":{"line":10,"column":44}},"loc":{"start":{"line":10,"column":67},"end":{"line":99,"column":1}},"line":10},"1":{"name":"(anonymous_1)","decl":{"start":{"line":18,"column":23},"end":{"line":18,"column":24}},"loc":{"start":{"line":18,"column":53},"end":{"line":38,"column":3}},"line":18},"2":{"name":"(anonymous_2)","decl":{"start":{"line":52,"column":24},"end":{"line":52,"column":25}},"loc":{"start":{"line":52,"column":31},"end":{"line":52,"column":55}},"line":52},"3":{"name":"(anonymous_3)","decl":{"start":{"line":65,"column":26},"end":{"line":65,"column":27}},"loc":{"start":{"line":65,"column":33},"end":{"line":65,"column":60}},"line":65},"4":{"name":"(anonymous_4)","decl":{"start":{"line":78,"column":24},"end":{"line":78,"column":25}},"loc":{"start":{"line":78,"column":31},"end":{"line":78,"column":58}},"line":78},"5":{"name":"(anonymous_5)","decl":{"start":{"line":92,"column":41},"end":{"line":92,"column":42}},"loc":{"start":{"line":92,"column":47},"end":{"line":92,"column":67}},"line":92}},"branchMap":{"0":{"loc":{"start":{"line":24,"column":6},"end":{"line":32,"column":7}},"type":"if","locations":[{"start":{"line":24,"column":6},"end":{"line":32,"column":7}},{"start":{"line":28,"column":13},"end":{"line":32,"column":7}}],"line":24},"1":{"loc":{"start":{"line":34,"column":15},"end":{"line":34,"column":71}},"type":"binary-expr","locations":[{"start":{"line":34,"column":15},"end":{"line":34,"column":40}},{"start":{"line":34,"column":44},"end":{"line":34,"column":71}}],"line":34},"2":{"loc":{"start":{"line":43,"column":13},"end":{"line":43,"column":55}},"type":"cond-expr","locations":[{"start":{"line":43,"column":23},"end":{"line":43,"column":39}},{"start":{"line":43,"column":42},"end":{"line":43,"column":55}}],"line":43},"3":{"loc":{"start":{"line":58,"column":11},"end":{"line":70,"column":11}},"type":"binary-expr","locations":[{"start":{"line":58,"column":11},"end":{"line":58,"column":19}},{"start":{"line":59,"column":12},"end":{"line":69,"column":18}}],"line":58},"4":{"loc":{"start":{"line":84,"column":11},"end":{"line":84,"column":64}},"type":"binary-expr","locations":[{"start":{"line":84,"column":11},"end":{"line":84,"column":16}},{"start":{"line":84,"column":20},"end":{"line":84,"column":64}}],"line":84},"5":{"loc":{"start":{"line":87,"column":13},"end":{"line":87,"column":85}},"type":"cond-expr","locations":[{"start":{"line":87,"column":23},"end":{"line":87,"column":38}},{"start":{"line":87,"column":42},"end":{"line":87,"column":84}}],"line":87},"6":{"loc":{"start":{"line":87,"column":42},"end":{"line":87,"column":84}},"type":"cond-expr","locations":[{"start":{"line":87,"column":52},"end":{"line":87,"column":68}},{"start":{"line":87,"column":71},"end":{"line":87,"column":84}}],"line":87},"7":{"loc":{"start":{"line":93,"column":13},"end":{"line":93,"column":91}},"type":"cond-expr","locations":[{"start":{"line":93,"column":23},"end":{"line":93,"column":54}},{"start":{"line":93,"column":57},"end":{"line":93,"column":91}}],"line":93}},"s":{"0":1,"1":17,"2":17,"3":17,"4":17,"5":17,"6":17,"7":17,"8":3,"9":3,"10":3,"11":3,"12":3,"13":3,"14":1,"15":0,"16":0,"17":1,"18":2,"19":17,"20":3,"21":0,"22":3,"23":1},"f":{"0":17,"1":3,"2":3,"3":0,"4":3,"5":1},"b":{"0":[3,0],"1":[1,0],"2":[16,1],"3":[17,1],"4":[17,1],"5":[3,14],"6":[13,1],"7":[16,1]},"_coverageSchema":"1a1c01bbd47fc00a2c39e90264f33305004495a9","hash":"d11f65899c47a6f94fefdb1047c1bcc074801c3c"}
,"/Users/octavio/IngSW3/tp07-quality/frontend/src/components/PostDetail/PostDetail.tsx": {"path":"/Users/octavio/IngSW3/tp07-quality/frontend/src/components/PostDetail/PostDetail.tsx","statementMap":{"0":{"start":{"line":15,"column":53},"end":{"line":85,"column":1}},"1":{"start":{"line":16,"column":26},"end":{"line":16,"column":53}},"2":{"start":{"line":17,"column":32},"end":{"line":17,"column":46}},"3":{"start":{"line":18,"column":28},"end":{"line":18,"column":40}},"4":{"start":{"line":19,"column":48},"end":{"line":19,"column":59}},"5":{"start":{"line":21,"column":2},"end":{"line":36,"column":15}},"6":{"start":{"line":22,"column":21},"end":{"line":33,"column":5}},"7":{"start":{"line":23,"column":6},"end":{"line":32,"column":7}},"8":{"start":{"line":24,"column":8},"end":{"line":24,"column":25}},"9":{"start":{"line":25,"column":21},"end":{"line":25,"column":58}},"10":{"start":{"line":26,"column":8},"end":{"line":26,"column":22}},"11":{"start":{"line":27,"column":8},"end":{"line":27,"column":21}},"12":{"start":{"line":29,"column":8},"end":{"line":29,"column":44}},"13":{"start":{"line":31,"column":8},"end":{"line":31,"column":26}},"14":{"start":{"line":35,"column":4},"end":{"line":35,"column":15}},"15":{"start":{"line":38,"column":31},"end":{"line":40,"column":3}},"16":{"start":{"line":39,"column":4},"end":{"line":39,"column":41}},"17":{"start":{"line":39,"column":31},"end":{"line":39,"column":39}},"18":{"start":{"line":42,"column":2},"end":{"line":44,"column":3}},"19":{"start":{"line":43,"column":4},"end":{"line":43,"column":71}},"20":{"start":{"line":46,"column":2},"end":{"line":53,"column":3}},"21":{"start":{"line":47,"column":4},"end":{"line":52,"column":6}},"22":{"start":{"line":55,"column":2},"end":{"line":84,"column":4}}},"fnMap":{"0":{"name":"(anonymous_0)","decl":{"start":{"line":15,"column":53},"end":{"line":15,"column":54}},"loc":{"start":{"line":15,"column":85},"end":{"line":85,"column":1}},"line":15},"1":{"name":"(anonymous_1)","decl":{"start":{"line":21,"column":12},"end":{"line":21,"column":13}},"loc":{"start":{"line":21,"column":18},"end":{"line":36,"column":3}},"line":21},"2":{"name":"(anonymous_2)","decl":{"start":{"line":22,"column":21},"end":{"line":22,"column":22}},"loc":{"start":{"line":22,"column":33},"end":{"line":33,"column":5}},"line":22},"3":{"name":"(anonymous_3)","decl":{"start":{"line":38,"column":31},"end":{"line":38,"column":32}},"loc":{"start":{"line":38,"column":37},"end":{"line":40,"column":3}},"line":38},"4":{"name":"(anonymous_4)","decl":{"start":{"line":39,"column":23},"end":{"line":39,"column":24}},"loc":{"start":{"line":39,"column":31},"end":{"line":39,"column":39}},"line":39}},"branchMap":{"0":{"loc":{"start":{"line":42,"column":2},"end":{"line":44,"column":3}},"type":"if","locations":[{"start":{"line":42,"column":2},"end":{"line":44,"column":3}},{"start":{},"end":{}}],"line":42},"1":{"loc":{"start":{"line":46,"column":2},"end":{"line":53,"column":3}},"type":"if","locations":[{"start":{"line":46,"column":2},"end":{"line":53,"column":3}},{"start":{},"end":{}}],"line":46},"2":{"loc":{"start":{"line":46,"column":6},"end":{"line":46,"column":20}},"type":"binary-expr","locations":[{"start":{"line":46,"column":6},"end":{"line":46,"column":11}},{"start":{"line":46,"column":15},"end":{"line":46,"column":20}}],"line":46},"3":{"loc":{"start":{"line":49,"column":12},"end":{"line":49,"column":41}},"type":"binary-expr","locations":[{"start":{"line":49,"column":12},"end":{"line":49,"column":17}},{"start":{"line":49,"column":21},"end":{"line":49,"column":41}}],"line":49}},"s":{"0":1,"1":7,"2":7,"3":7,"4":7,"5":7,"6":4,"7":4,"8":4,"9":4,"10":2,"11":2,"12":1,"13":3,"14":4,"15":7,"16":0,"17":0,"18":7,"19":4,"20":3,"21":1,"22":2},"f":{"0":7,"1":4,"2":4,"3":0,"4":0},"b":{"0":[4,3],"1":[1,2],"2":[3,2],"3":[1,0]},"_coverageSchema":"1a1c01bbd47fc00a2c39e90264f33305004495a9","hash":"a3bcc5abd1de6418114bf78bff2f064e59389449"}
,"/Users/octavio/IngSW3/tp07-quality/frontend/src/components/PostList/PostList.tsx": {"path":"/Users/octavio/IngSW3/tp07-quality/frontend/src/components/PostList/PostList.tsx","statementMap":{"0":{"start":{"line":12,"column":49},"end":{"line":94,"column":1}},"1":{"start":{"line":13,"column":30},"end":{"line":13,"column":50}},"2":{"start":{"line":14,"column":34},"end":{"line":14,"column":48}},"3":{"start":{"line":15,"column":30},"end":{"line":15,"column":42}},"4":{"start":{"line":17,"column":22},"end":{"line":28,"column":5}},"5":{"start":{"line":18,"column":8},"end":{"line":27,"column":9}},"6":{"start":{"line":19,"column":12},"end":{"line":19,"column":29}},"7":{"start":{"line":20,"column":25},"end":{"line":20,"column":56}},"8":{"start":{"line":21,"column":12},"end":{"line":21,"column":27}},"9":{"start":{"line":22,"column":12},"end":{"line":22,"column":25}},"10":{"start":{"line":24,"column":12},"end":{"line":24,"column":46}},"11":{"start":{"line":26,"column":12},"end":{"line":26,"column":30}},"12":{"start":{"line":30,"column":4},"end":{"line":32,"column":20}},"13":{"start":{"line":31,"column":8},"end":{"line":31,"column":20}},"14":{"start":{"line":34,"column":25},"end":{"line":45,"column":5}},"15":{"start":{"line":35,"column":8},"end":{"line":37,"column":9}},"16":{"start":{"line":36,"column":12},"end":{"line":36,"column":19}},"17":{"start":{"line":39,"column":8},"end":{"line":44,"column":9}},"18":{"start":{"line":40,"column":12},"end":{"line":40,"column":64}},"19":{"start":{"line":41,"column":12},"end":{"line":41,"column":24}},"20":{"start":{"line":43,"column":12},"end":{"line":43,"column":73}},"21":{"start":{"line":47,"column":4},"end":{"line":49,"column":5}},"22":{"start":{"line":48,"column":8},"end":{"line":48,"column":64}},"23":{"start":{"line":51,"column":4},"end":{"line":53,"column":5}},"24":{"start":{"line":52,"column":8},"end":{"line":52,"column":52}},"25":{"start":{"line":55,"column":4},"end":{"line":57,"column":5}},"26":{"start":{"line":56,"column":8},"end":{"line":56,"column":87}},"27":{"start":{"line":59,"column":4},"end":{"line":93,"column":6}},"28":{"start":{"line":63,"column":16},"end":{"line":90,"column":22}},"29":{"start":{"line":66,"column":35},"end":{"line":66,"column":68}},"30":{"start":{"line":82,"column":36},"end":{"line":82,"column":56}},"31":{"start":{"line":83,"column":36},"end":{"line":83,"column":58}}},"fnMap":{"0":{"name":"(anonymous_0)","decl":{"start":{"line":12,"column":49},"end":{"line":12,"column":50}},"loc":{"start":{"line":12,"column":95},"end":{"line":94,"column":1}},"line":12},"1":{"name":"(anonymous_1)","decl":{"start":{"line":17,"column":22},"end":{"line":17,"column":23}},"loc":{"start":{"line":17,"column":34},"end":{"line":28,"column":5}},"line":17},"2":{"name":"(anonymous_2)","decl":{"start":{"line":30,"column":14},"end":{"line":30,"column":15}},"loc":{"start":{"line":30,"column":20},"end":{"line":32,"column":5}},"line":30},"3":{"name":"(anonymous_3)","decl":{"start":{"line":34,"column":25},"end":{"line":34,"column":26}},"loc":{"start":{"line":34,"column":51},"end":{"line":45,"column":5}},"line":34},"4":{"name":"(anonymous_4)","decl":{"start":{"line":62,"column":23},"end":{"line":62,"column":24}},"loc":{"start":{"line":63,"column":16},"end":{"line":90,"column":22}},"line":63},"5":{"name":"(anonymous_5)","decl":{"start":{"line":66,"column":29},"end":{"line":66,"column":30}},"loc":{"start":{"line":66,"column":35},"end":{"line":66,"column":68}},"line":66},"6":{"name":"(anonymous_6)","decl":{"start":{"line":81,"column":41},"end":{"line":81,"column":42}},"loc":{"start":{"line":81,"column":48},"end":{"line":84,"column":33}},"line":81}},"branchMap":{"0":{"loc":{"start":{"line":35,"column":8},"end":{"line":37,"column":9}},"type":"if","locations":[{"start":{"line":35,"column":8},"end":{"line":37,"column":9}},{"start":{},"end":{}}],"line":35},"1":{"loc":{"start":{"line":43,"column":18},"end":{"line":43,"column":71}},"type":"binary-expr","locations":[{"start":{"line":43,"column":18},"end":{"line":43,"column":43}},{"start":{"line":43,"column":47},"end":{"line":43,"column":71}}],"line":43},"2":{"loc":{"start":{"line":47,"column":4},"end":{"line":49,"column":5}},"type":"if","locations":[{"start":{"line":47,"column":4},"end":{"line":49,"column":5}},{"start":{},"end":{}}],"line":47},"3":{"loc":{"start":{"line":51,"column":4},"end":{"line":53,"column":5}},"type":"if","locations":[{"start":{"line":51,"column":4},"end":{"line":53,"column":5}},{"start":{},"end":{}}],"line":51},"4":{"loc":{"start":{"line":55,"column":4},"end":{"line":57,"column":5}},"type":"if","locations":[{"start":{"line":55,"column":4},"end":{"line":57,"column":5}},{"start":{},"end":{}}],"line":55},"5":{"loc":{"start":{"line":66,"column":35},"end":{"line":66,"column":68}},"type":"binary-expr","locations":[{"start":{"line":66,"column":35},"end":{"line":66,"column":45}},{"start":{"line":66,"column":49},"end":{"line":66,"column":68}}],"line":66},"6":{"loc":{"start":{"line":67,"column":37},"end":{"line":67,"column":71}},"type":"cond-expr","locations":[{"start":{"line":67,"column":50},"end":{"line":67,"column":59}},{"start":{"line":67,"column":62},"end":{"line":67,"column":71}}],"line":67},"7":{"loc":{"start":{"line":78,"column":25},"end":{"line":88,"column":25}},"type":"binary-expr","locations":[{"start":{"line":78,"column":25},"end":{"line":78,"column":55}},{"start":{"line":79,"column":28},"end":{"line":87,"column":37}}],"line":78}},"s":{"0":1,"1":10,"2":10,"3":10,"4":10,"5":6,"6":6,"7":6,"8":5,"9":5,"10":1,"11":6,"12":10,"13":5,"14":10,"15":1,"16":0,"17":1,"18":1,"19":1,"20":0,"21":10,"22":5,"23":5,"24":1,"25":4,"26":1,"27":3,"28":6,"29":0,"30":1,"31":1},"f":{"0":10,"1":6,"2":5,"3":1,"4":6,"5":0,"6":1},"b":{"0":[0,1],"1":[0,0],"2":[5,5],"3":[1,4],"4":[1,3],"5":[0,0],"6":[0,6],"7":[6,3]},"_coverageSchema":"1a1c01bbd47fc00a2c39e90264f33305004495a9","hash":"8c9ec66d0cf0cb96de01892520db6e84531e18fc"}
,"/Users/octavio/IngSW3/tp07-quality/frontend/src/services/authService.ts": {"path":"/Users/octavio/IngSW3/tp07-quality/frontend/src/services/authService.ts","statementMap":{"0":{"start":{"line":4,"column":16},"end":{"line":4,"column":48}},"1":{"start":{"line":6,"column":27},"end":{"line":18,"column":1}},"2":{"start":{"line":9,"column":21},"end":{"line":9,"column":76}},"3":{"start":{"line":10,"column":4},"end":{"line":10,"column":25}},"4":{"start":{"line":15,"column":21},"end":{"line":15,"column":72}},"5":{"start":{"line":16,"column":4},"end":{"line":16,"column":25}}},"fnMap":{"0":{"name":"(anonymous_0)","decl":{"start":{"line":8,"column":2},"end":{"line":8,"column":3}},"loc":{"start":{"line":8,"column":56},"end":{"line":11,"column":3}},"line":8},"1":{"name":"(anonymous_1)","decl":{"start":{"line":14,"column":2},"end":{"line":14,"column":3}},"loc":{"start":{"line":14,"column":55},"end":{"line":17,"column":3}},"line":14}},"branchMap":{},"s":{"0":2,"1":2,"2":5,"3":2,"4":3,"5":1},"f":{"0":5,"1":3},"b":{},"_coverageSchema":"1a1c01bbd47fc00a2c39e90264f33305004495a9","hash":"6a1ac9fdfe38ad80fea51076b6a63a32edaeb9c6"}
,"/Users/octavio/IngSW3/tp07-quality/frontend/src/services/postService.ts": {"path":"/Users/octavio/IngSW3/tp07-quality/frontend/src/services/postService.ts","statementMap":{"0":{"start":{"line":4,"column":16},"end":{"line":4,"column":49}},"1":{"start":{"line":6,"column":27},"end":{"line":57,"column":1}},"2":{"start":{"line":9,"column":21},"end":{"line":9,"column":53}},"3":{"start":{"line":10,"column":4},"end":{"line":10,"column":25}},"4":{"start":{"line":15,"column":21},"end":{"line":19,"column":6}},"5":{"start":{"line":20,"column":4},"end":{"line":20,"column":25}},"6":{"start":{"line":25,"column":21},"end":{"line":25,"column":62}},"7":{"start":{"line":26,"column":4},"end":{"line":26,"column":25}},"8":{"start":{"line":31,"column":4},"end":{"line":35,"column":7}},"9":{"start":{"line":40,"column":21},"end":{"line":40,"column":80}},"10":{"start":{"line":41,"column":4},"end":{"line":41,"column":25}},"11":{"start":{"line":46,"column":21},"end":{"line":54,"column":5}},"12":{"start":{"line":55,"column":4},"end":{"line":55,"column":25}},"13":{"start":{"line":60,"column":29},"end":{"line":64,"column":1}},"14":{"start":{"line":61,"column":4},"end":{"line":63,"column":7}}},"fnMap":{"0":{"name":"(anonymous_0)","decl":{"start":{"line":8,"column":2},"end":{"line":8,"column":3}},"loc":{"start":{"line":8,"column":39},"end":{"line":11,"column":3}},"line":8},"1":{"name":"(anonymous_1)","decl":{"start":{"line":14,"column":2},"end":{"line":14,"column":3}},"loc":{"start":{"line":14,"column":75},"end":{"line":21,"column":3}},"line":14},"2":{"name":"(anonymous_2)","decl":{"start":{"line":24,"column":2},"end":{"line":24,"column":3}},"loc":{"start":{"line":24,"column":47},"end":{"line":27,"column":3}},"line":24},"3":{"name":"(anonymous_3)","decl":{"start":{"line":30,"column":2},"end":{"line":30,"column":3}},"loc":{"start":{"line":30,"column":62},"end":{"line":36,"column":3}},"line":30},"4":{"name":"(anonymous_4)","decl":{"start":{"line":39,"column":2},"end":{"line":39,"column":3}},"loc":{"start":{"line":39,"column":56},"end":{"line":42,"column":3}},"line":39},"5":{"name":"(anonymous_5)","decl":{"start":{"line":45,"column":2},"end":{"line":45,"column":3}},"loc":{"start":{"line":45,"column":100},"end":{"line":56,"column":3}},"line":45},"6":{"name":"(anonymous_6)","decl":{"start":{"line":60,"column":29},"end":{"line":60,"column":30}},"loc":{"start":{"line":60,"column":90},"end":{"line":64,"column":1}},"line":60}},"branchMap":{},"s":{"0":6,"1":6,"2":7,"3":6,"4":1,"5":1,"6":1,"7":1,"8":2,"9":6,"10":5,"11":1,"12":1,"13":6,"14":2},"f":{"0":7,"1":1,"2":1,"3":2,"4":6,"5":1,"6":2},"b":{},"_coverageSchema":"1a1c01bbd47fc00a2c39e90264f33305004495a9","hash":"454b2f674f30b5b46d16d42cd62d61704f6ddd11"}
}
