TN:
SF:src/components/CommentForm/CommentForm.tsx
FN:11,(anonymous_0)
FN:16,(anonymous_1)
FN:38,(anonymous_2)
FNF:3
FNH:3
FNDA:10,(anonymous_0)
FNDA:2,(anonymous_1)
FNDA:2,(anonymous_2)
DA:11,1
DA:12,10
DA:13,10
DA:14,10
DA:16,10
DA:17,2
DA:18,2
DA:19,2
DA:21,2
DA:22,2
DA:23,1
DA:24,1
DA:26,1
DA:28,2
DA:32,10
DA:38,2
LF:16
LH:16
BRDA:26,0,0,1
BRDA:26,0,1,0
BRDA:45,1,0,10
BRDA:45,1,1,1
BRDA:47,2,0,10
BRDA:47,2,1,8
BRDA:48,3,0,2
BRDA:48,3,1,8
BRF:8
BRH:7
end_of_record
TN:
SF:src/components/CommentList/CommentList.tsx
FN:13,(anonymous_0)
FN:25,(anonymous_1)
FN:38,(anonymous_2)
FN:42,(anonymous_3)
FN:47,(anonymous_4)
FN:47,(anonymous_5)
FN:53,(anonymous_6)
FN:71,(anonymous_7)
FN:79,(anonymous_8)
FNF:9
FNH:6
FNDA:10,(anonymous_0)
FNDA:5,(anonymous_1)
FNDA:5,(anonymous_2)
FNDA:1,(anonymous_3)
FNDA:0,(anonymous_4)
FNDA:0,(anonymous_5)
FNDA:0,(anonymous_6)
FNDA:6,(anonymous_7)
FNDA:1,(anonymous_8)
DA:13,1
DA:19,10
DA:20,10
DA:21,10
DA:22,10
DA:25,10
DA:26,5
DA:27,5
DA:28,5
DA:29,4
DA:30,4
DA:32,1
DA:34,5
DA:38,10
DA:39,5
DA:42,10
DA:43,1
DA:44,1
DA:47,1
DA:49,1
DA:52,1
DA:53,1
DA:56,0
DA:57,0
DA:61,10
DA:62,5
DA:63,4
DA:65,3
DA:72,6
DA:79,1
LF:30
LH:28
BRDA:49,0,0,1
BRDA:49,0,1,0
BRDA:56,1,0,0
BRDA:56,1,1,0
BRDA:61,2,0,5
BRDA:61,2,1,5
BRDA:62,3,0,1
BRDA:62,3,1,4
BRDA:63,4,0,1
BRDA:63,4,1,3
BRDA:69,5,0,3
BRDA:69,5,1,0
BRDA:76,6,0,6
BRDA:76,6,1,3
BRF:14
BRH:10
end_of_record
TN:
SF:src/components/CreatePost/CreatePost.tsx
FN:10,(anonymous_0)
FN:16,(anonymous_1)
FN:46,(anonymous_2)
FN:57,(anonymous_3)
FNF:4
FNH:4
FNDA:15,(anonymous_0)
FNDA:3,(anonymous_1)
FNDA:3,(anonymous_2)
FNDA:3,(anonymous_3)
DA:10,1
DA:11,15
DA:12,15
DA:13,15
DA:14,15
DA:16,15
DA:17,3
DA:18,3
DA:19,3
DA:21,3
DA:22,3
DA:25,1
DA:26,1
DA:29,1
DA:31,1
DA:33,2
DA:37,15
DA:46,3
DA:57,3
LF:19
LH:19
BRDA:31,0,0,1
BRDA:31,0,1,0
BRDA:65,1,0,15
BRDA:65,1,1,1
BRDA:68,2,0,3
BRDA:68,2,1,12
BRF:6
BRH:5
end_of_record
TN:
SF:src/components/Login/Login.tsx
FN:10,(anonymous_0)
FN:18,(anonymous_1)
FN:52,(anonymous_2)
FN:65,(anonymous_3)
FN:78,(anonymous_4)
FN:92,(anonymous_5)
FNF:6
FNH:5
FNDA:17,(anonymous_0)
FNDA:3,(anonymous_1)
FNDA:3,(anonymous_2)
FNDA:0,(anonymous_3)
FNDA:3,(anonymous_4)
FNDA:1,(anonymous_5)
DA:10,1
DA:11,17
DA:12,17
DA:13,17
DA:14,17
DA:15,17
DA:16,17
DA:18,17
DA:19,3
DA:20,3
DA:21,3
DA:23,3
DA:24,3
DA:26,3
DA:27,1
DA:30,0
DA:31,0
DA:34,1
DA:36,2
DA:40,17
DA:52,3
DA:65,0
DA:78,3
DA:92,1
LF:24
LH:21
BRDA:24,0,0,3
BRDA:24,0,1,0
BRDA:34,1,0,1
BRDA:34,1,1,0
BRDA:43,2,0,16
BRDA:43,2,1,1
BRDA:58,3,0,17
BRDA:58,3,1,1
BRDA:84,4,0,17
BRDA:84,4,1,1
BRDA:87,5,0,3
BRDA:87,5,1,14
BRDA:87,6,0,13
BRDA:87,6,1,1
BRDA:93,7,0,16
BRDA:93,7,1,1
BRF:16
BRH:14
end_of_record
TN:
SF:src/components/PostDetail/PostDetail.tsx
FN:15,(anonymous_0)
FN:21,(anonymous_1)
FN:22,(anonymous_2)
FN:38,(anonymous_3)
FN:39,(anonymous_4)
FNF:5
FNH:3
FNDA:7,(anonymous_0)
FNDA:4,(anonymous_1)
FNDA:4,(anonymous_2)
FNDA:0,(anonymous_3)
FNDA:0,(anonymous_4)
DA:15,1
DA:16,7
DA:17,7
DA:18,7
DA:19,7
DA:21,7
DA:22,4
DA:23,4
DA:24,4
DA:25,4
DA:26,2
DA:27,2
DA:29,1
DA:31,3
DA:35,4
DA:38,7
DA:39,0
DA:42,7
DA:43,4
DA:46,3
DA:47,1
DA:55,2
LF:22
LH:21
BRDA:42,0,0,4
BRDA:42,0,1,3
BRDA:46,1,0,1
BRDA:46,1,1,2
BRDA:46,2,0,3
BRDA:46,2,1,2
BRDA:49,3,0,1
BRDA:49,3,1,0
BRF:8
BRH:7
end_of_record
TN:
SF:src/components/PostList/PostList.tsx
FN:12,(anonymous_0)
FN:17,(anonymous_1)
FN:30,(anonymous_2)
FN:34,(anonymous_3)
FN:62,(anonymous_4)
FN:66,(anonymous_5)
FN:81,(anonymous_6)
FNF:7
FNH:6
FNDA:10,(anonymous_0)
FNDA:6,(anonymous_1)
FNDA:5,(anonymous_2)
FNDA:1,(anonymous_3)
FNDA:6,(anonymous_4)
FNDA:0,(anonymous_5)
FNDA:1,(anonymous_6)
DA:12,1
DA:13,10
DA:14,10
DA:15,10
DA:17,10
DA:18,6
DA:19,6
DA:20,6
DA:21,5
DA:22,5
DA:24,1
DA:26,6
DA:30,10
DA:31,5
DA:34,10
DA:35,1
DA:36,0
DA:39,1
DA:40,1
DA:41,1
DA:43,0
DA:47,10
DA:48,5
DA:51,5
DA:52,1
DA:55,4
DA:56,1
DA:59,3
DA:63,6
DA:66,0
DA:82,1
DA:83,1
LF:32
LH:29
BRDA:35,0,0,0
BRDA:35,0,1,1
BRDA:43,1,0,0
BRDA:43,1,1,0
BRDA:47,2,0,5
BRDA:47,2,1,5
BRDA:51,3,0,1
BRDA:51,3,1,4
BRDA:55,4,0,1
BRDA:55,4,1,3
BRDA:66,5,0,0
BRDA:66,5,1,0
BRDA:67,6,0,0
BRDA:67,6,1,6
BRDA:78,7,0,6
BRDA:78,7,1,3
BRF:16
BRH:10
end_of_record
TN:
SF:src/services/authService.ts
FN:8,(anonymous_0)
FN:14,(anonymous_1)
FNF:2
FNH:2
FNDA:5,(anonymous_0)
FNDA:3,(anonymous_1)
DA:4,2
DA:6,2
DA:9,5
DA:10,2
DA:15,3
DA:16,1
LF:6
LH:6
BRF:0
BRH:0
end_of_record
TN:
SF:src/services/postService.ts
FN:8,(anonymous_0)
FN:14,(anonymous_1)
FN:24,(anonymous_2)
FN:30,(anonymous_3)
FN:39,(anonymous_4)
FN:45,(anonymous_5)
FN:60,(anonymous_6)
FNF:7
FNH:7
FNDA:7,(anonymous_0)
FNDA:1,(anonymous_1)
FNDA:1,(anonymous_2)
FNDA:2,(anonymous_3)
FNDA:6,(anonymous_4)
FNDA:1,(anonymous_5)
FNDA:2,(anonymous_6)
DA:4,6
DA:6,6
DA:9,7
DA:10,6
DA:15,1
DA:20,1
DA:25,1
DA:26,1
DA:31,2
DA:40,6
DA:41,5
DA:46,1
DA:55,1
DA:60,6
DA:61,2
LF:15
LH:15
BRF:0
BRH:0
end_of_record
